SF:lib/src/back_off_base.dart
DA:17,1
DA:21,1
DA:25,1
DA:26,2
DA:30,1
DA:31,3
DA:34,2
DA:36,1
DA:37,2
DA:42,1
DA:43,1
DA:46,1
DA:47,1
DA:58,1
DA:59,1
DA:60,2
DA:63,1
DA:64,1
DA:66,1
DA:67,3
DA:70,1
DA:71,4
DA:74,1
DA:75,5
DA:84,1
DA:85,1
DA:86,1
DA:87,1
DA:88,1
DA:89,1
DA:90,2
DA:91,2
DA:111,1
DA:116,2
DA:119,1
DA:120,2
DA:123,1
DA:126,3
DA:127,1
DA:128,1
DA:130,2
DA:131,1
DA:133,1
DA:137,1
DA:138,1
DA:140,1
DA:141,1
DA:145,2
DA:146,1
DA:150,3
DA:152,1
DA:153,1
DA:157,1
DA:159,1
DA:160,2
DA:161,2
DA:163,1
DA:164,1
DA:170,1
DA:171,2
DA:180,1
DA:182,0
DA:184,0
DA:185,0
LF:64
LH:61
end_of_record
SF:lib/src/either.dart
DA:17,1
DA:19,0
DA:20,0
DA:22,0
DA:25,0
DA:28,0
DA:31,0
DA:32,0
DA:34,1
DA:35,1
DA:37,0
DA:38,0
DA:44,1
DA:46,0
DA:47,0
DA:49,0
DA:52,0
DA:55,0
DA:56,0
DA:58,0
DA:61,0
DA:62,0
DA:64,1
DA:65,1
LF:24
LH:6
end_of_record
SF:lib/src/exponential_back_off.dart
DA:87,1
DA:99,1
DA:101,1
DA:103,3
DA:106,6
DA:107,1
DA:109,2
DA:111,4
DA:113,3
LF:9
LH:9
end_of_record
